#
# There is insufficient memory for the Java Runtime Environment to continue.
# Native memory allocation (malloc) failed to allocate 1133216 bytes for Chunk::new
# Possible reasons:
#   The system is out of physical RAM or swap space
#   In 32 bit mode, the process size limit was hit
# Possible solutions:
#   Reduce memory load on the system
#   Increase physical memory or swap space
#   Check if swap backing store is full
#   Use 64 bit Java on a 64 bit OS
#   Decrease Java heap size (-Xmx/-Xms)
#   Decrease number of Java threads
#   Decrease Java thread stack sizes (-Xss)
#   Set larger code cache with -XX:ReservedCodeCacheSize=
# This output file may be truncated or incomplete.
#
#  Out of Memory Error (allocation.cpp:390), pid=14552, tid=0x0000000000002be0
#
# JRE version: Java(TM) SE Runtime Environment (8.0_171-b11) (build 1.8.0_171-b11)
# Java VM: Java HotSpot(TM) 64-Bit Server VM (25.171-b11 mixed mode windows-amd64 compressed oops)
# Failed to write core dump. Minidumps are not enabled by default on client versions of Windows
#

---------------  T H R E A D  ---------------

Current thread (0x0000000017c6e800):  JavaThread "C2 CompilerThread1" daemon [_thread_in_native, id=11232, stack(0x00000000193a0000,0x00000000194a0000)]

Stack: [0x00000000193a0000,0x00000000194a0000]
[error occurred during error reporting (printing stack bounds), id 0xc0000005]

Native frames: (J=compiled Java code, j=interpreted, Vv=VM code, C=native code)


Current CompileTask:
C2:   1740 2509       4       org.eclipse.xtext.util.OnChangeEvictingCache::get (75 bytes)


---------------  P R O C E S S  ---------------

Java Threads: ( => current thread )
  0x000000001a696800 JavaThread "com.google.inject.internal.util.$Finalizer" daemon [_thread_blocked, id=14216, stack(0x000000001b670000,0x000000001b770000)]
  0x000000001a0a8800 JavaThread "EMF Reference Cleaner" daemon [_thread_blocked, id=13256, stack(0x000000001b370000,0x000000001b470000)]
  0x00000000195e8800 JavaThread "Service Thread" daemon [_thread_blocked, id=12892, stack(0x00000000199a0000,0x0000000019aa0000)]
  0x0000000017c72000 JavaThread "C1 CompilerThread2" daemon [_thread_blocked, id=5676, stack(0x00000000194a0000,0x00000000195a0000)]
=>0x0000000017c6e800 JavaThread "C2 CompilerThread1" daemon [_thread_in_native, id=11232, stack(0x00000000193a0000,0x00000000194a0000)]
  0x0000000017c66000 JavaThread "C2 CompilerThread0" daemon [_thread_in_native, id=4452, stack(0x00000000192a0000,0x00000000193a0000)]
  0x0000000017c64800 JavaThread "Attach Listener" daemon [_thread_blocked, id=13320, stack(0x00000000191a0000,0x00000000192a0000)]
  0x0000000017c63800 JavaThread "Signal Dispatcher" daemon [_thread_blocked, id=2960, stack(0x00000000190a0000,0x00000000191a0000)]
  0x0000000017c4c800 JavaThread "Finalizer" daemon [_thread_blocked, id=9848, stack(0x0000000018eb0000,0x0000000018fb0000)]
  0x0000000017c29000 JavaThread "Reference Handler" daemon [_thread_blocked, id=11344, stack(0x0000000018db0000,0x0000000018eb0000)]
  0x0000000003075800 JavaThread "main" [_thread_in_Java, id=9932, stack(0x0000000002f70000,0x0000000003070000)]

Other Threads:
  0x0000000017c27800 VMThread [stack: 0x0000000018cb0000,0x0000000018db0000] [id=11468]
  0x0000000017cbc800 WatcherThread [stack: 0x0000000019aa0000,0x0000000019ba0000] [id=11812]

VM state:not at safepoint (normal execution)

VM Mutex/Monitor currently owned by a thread: None

Heap:
 PSYoungGen      total 70656K, used 36654K [0x00000000d6000000, 0x00000000dea00000, 0x0000000100000000)
  eden space 65536K, 48% used [0x00000000d6000000,0x00000000d7ecf2d0,0x00000000da000000)
  from space 5120K, 99% used [0x00000000da000000,0x00000000da4fc7f0,0x00000000da500000)
  to   space 5120K, 0% used [0x00000000de500000,0x00000000de500000,0x00000000dea00000)
 ParOldGen       total 86016K, used 18565K [0x0000000082000000, 0x0000000087400000, 0x00000000d6000000)
  object space 86016K, 21% used [0x0000000082000000,0x00000000832215c0,0x0000000087400000)
 Metaspace       used 18316K, capacity 18488K, committed 18688K, reserved 1064960K
  class space    used 2412K, capacity 2446K, committed 2560K, reserved 1048576K

Card table byte_map: [0x0000000012530000,0x0000000012930000] byte_map_base: 0x0000000012120000

Marking Bits: (ParMarkBitMap*) 0x00000000738d08c0
 Begin Bits: [0x0000000012fd0000, 0x0000000014f50000)
 End Bits:   [0x0000000014f50000, 0x0000000016ed0000)

Polling page: 0x0000000001150000

CodeCache: size=245760Kb used=9240Kb max_used=9240Kb free=236519Kb
 bounds [0x0000000003170000, 0x0000000003a80000, 0x0000000012170000]
 total_blobs=3248 nmethods=2880 adapters=279
 compilation: enabled

Compilation events (10 events):
Event: 1.710 Thread 0x0000000017c72000 2842       2       org.uqbar.project.wollok.wollokDsl.impl.WCollectionLiteralImpl::eIsSet (49 bytes)
Event: 1.710 Thread 0x0000000017c72000 nmethod 2842 0x0000000003a66110 code [0x0000000003a66280, 0x0000000003a66458]
Event: 1.711 Thread 0x0000000017c72000 2843       2       org.uqbar.project.wollok.wollokDsl.impl.WSuiteImpl::eStaticClass (4 bytes)
Event: 1.711 Thread 0x0000000017c72000 nmethod 2843 0x0000000003a66510 code [0x0000000003a66660, 0x0000000003a667b0]
Event: 1.711 Thread 0x0000000017c72000 2844       2       com.google.inject.internal.util.$Maps::newHashMap (8 bytes)
Event: 1.712 Thread 0x0000000017c72000 nmethod 2844 0x0000000003a66850 code [0x0000000003a669a0, 0x0000000003a66b30]
Event: 1.712 Thread 0x0000000017c72000 2845       2       com.google.inject.internal.InternalContext::<init> (12 bytes)
Event: 1.712 Thread 0x0000000017c72000 nmethod 2845 0x0000000003a66bd0 code [0x0000000003a66d20, 0x0000000003a66ef0]
Event: 1.712 Thread 0x0000000017c72000 2846       2       java.util.Arrays$ArrayList::size (6 bytes)
Event: 1.713 Thread 0x0000000017c72000 nmethod 2846 0x0000000003a66f90 code [0x0000000003a670e0, 0x0000000003a67230]

GC Heap History (6 events):
Event: 0.401 GC heap before
{Heap before GC invocations=1 (full 0):
 PSYoungGen      total 37888K, used 32768K [0x00000000d6000000, 0x00000000d8a00000, 0x0000000100000000)
  eden space 32768K, 100% used [0x00000000d6000000,0x00000000d8000000,0x00000000d8000000)
  from space 5120K, 0% used [0x00000000d8500000,0x00000000d8500000,0x00000000d8a00000)
  to   space 5120K, 0% used [0x00000000d8000000,0x00000000d8000000,0x00000000d8500000)
 ParOldGen       total 86016K, used 0K [0x0000000082000000, 0x0000000087400000, 0x00000000d6000000)
  object space 86016K, 0% used [0x0000000082000000,0x0000000082000000,0x0000000087400000)
 Metaspace       used 5518K, capacity 5628K, committed 5888K, reserved 1056768K
  class space    used 627K, capacity 660K, committed 768K, reserved 1048576K
Event: 0.406 GC heap after
Heap after GC invocations=1 (full 0):
 PSYoungGen      total 37888K, used 5108K [0x00000000d6000000, 0x00000000daa00000, 0x0000000100000000)
  eden space 32768K, 0% used [0x00000000d6000000,0x00000000d6000000,0x00000000d8000000)
  from space 5120K, 99% used [0x00000000d8000000,0x00000000d84fd3c8,0x00000000d8500000)
  to   space 5120K, 0% used [0x00000000da500000,0x00000000da500000,0x00000000daa00000)
 ParOldGen       total 86016K, used 922K [0x0000000082000000, 0x0000000087400000, 0x00000000d6000000)
  object space 86016K, 1% used [0x0000000082000000,0x00000000820e6998,0x0000000087400000)
 Metaspace       used 5518K, capacity 5628K, committed 5888K, reserved 1056768K
  class space    used 627K, capacity 660K, committed 768K, reserved 1048576K
}
Event: 0.667 GC heap before
{Heap before GC invocations=2 (full 0):
 PSYoungGen      total 37888K, used 37876K [0x00000000d6000000, 0x00000000daa00000, 0x0000000100000000)
  eden space 32768K, 100% used [0x00000000d6000000,0x00000000d8000000,0x00000000d8000000)
  from space 5120K, 99% used [0x00000000d8000000,0x00000000d84fd3c8,0x00000000d8500000)
  to   space 5120K, 0% used [0x00000000da500000,0x00000000da500000,0x00000000daa00000)
 ParOldGen       total 86016K, used 922K [0x0000000082000000, 0x0000000087400000, 0x00000000d6000000)
  object space 86016K, 1% used [0x0000000082000000,0x00000000820e6998,0x0000000087400000)
 Metaspace       used 8922K, capacity 9058K, committed 9088K, reserved 1056768K
  class space    used 1104K, capacity 1141K, committed 1152K, reserved 1048576K
Event: 0.674 GC heap after
Heap after GC invocations=2 (full 0):
 PSYoungGen      total 70656K, used 5105K [0x00000000d6000000, 0x00000000daa00000, 0x0000000100000000)
  eden space 65536K, 0% used [0x00000000d6000000,0x00000000d6000000,0x00000000da000000)
  from space 5120K, 99% used [0x00000000da500000,0x00000000da9fc7f0,0x00000000daa00000)
  to   space 5120K, 0% used [0x00000000da000000,0x00000000da000000,0x00000000da500000)
 ParOldGen       total 86016K, used 6344K [0x0000000082000000, 0x0000000087400000, 0x00000000d6000000)
  object space 86016K, 7% used [0x0000000082000000,0x0000000082632360,0x0000000087400000)
 Metaspace       used 8922K, capacity 9058K, committed 9088K, reserved 1056768K
  class space    used 1104K, capacity 1141K, committed 1152K, reserved 1048576K
}
Event: 1.340 GC heap before
{Heap before GC invocations=3 (full 0):
 PSYoungGen      total 70656K, used 70641K [0x00000000d6000000, 0x00000000daa00000, 0x0000000100000000)
  eden space 65536K, 100% used [0x00000000d6000000,0x00000000da000000,0x00000000da000000)
  from space 5120K, 99% used [0x00000000da500000,0x00000000da9fc7f0,0x00000000daa00000)
  to   space 5120K, 0% used [0x00000000da000000,0x00000000da000000,0x00000000da500000)
 ParOldGen       total 86016K, used 6344K [0x0000000082000000, 0x0000000087400000, 0x00000000d6000000)
  object space 86016K, 7% used [0x0000000082000000,0x0000000082632360,0x0000000087400000)
 Metaspace       used 16263K, capacity 16388K, committed 16640K, reserved 1062912K
  class space    used 2169K, capacity 2208K, committed 2304K, reserved 1048576K
Event: 1.354 GC heap after
Heap after GC invocations=3 (full 0):
 PSYoungGen      total 70656K, used 5105K [0x00000000d6000000, 0x00000000dea00000, 0x0000000100000000)
  eden space 65536K, 0% used [0x00000000d6000000,0x00000000d6000000,0x00000000da000000)
  from space 5120K, 99% used [0x00000000da000000,0x00000000da4fc7f0,0x00000000da500000)
  to   space 5120K, 0% used [0x00000000de500000,0x00000000de500000,0x00000000dea00000)
 ParOldGen       total 86016K, used 18565K [0x0000000082000000, 0x0000000087400000, 0x00000000d6000000)
  object space 86016K, 21% used [0x0000000082000000,0x00000000832215c0,0x0000000087400000)
 Metaspace       used 16263K, capacity 16388K, committed 16640K, reserved 1062912K
  class space    used 2169K, capacity 2208K, committed 2304K, reserved 1048576K
}

Deoptimization events (10 events):
Event: 1.603 Thread 0x0000000003075800 Uncommon trap: reason=bimorphic action=maybe_recompile pc=0x0000000003986190 method=org.eclipse.emf.common.util.AbstractTreeIterator.next()Ljava/lang/Object; @ 153
Event: 1.620 Thread 0x0000000003075800 Uncommon trap: reason=array_check action=maybe_recompile pc=0x0000000003951b54 method=org.eclipse.emf.common.util.BasicEList.assign(ILjava/lang/Object;)Ljava/lang/Object; @ 6
Event: 1.620 Thread 0x0000000003075800 Uncommon trap: reason=unstable_if action=reinterpret pc=0x0000000003997318 method=org.eclipse.emf.common.notify.impl.NotifierImpl.eAdapters()Lorg/eclipse/emf/common/util/EList; @ 4
Event: 1.620 Thread 0x0000000003075800 Uncommon trap: reason=array_check action=maybe_recompile pc=0x0000000003951b54 method=org.eclipse.emf.common.util.BasicEList.assign(ILjava/lang/Object;)Ljava/lang/Object; @ 6
Event: 1.621 Thread 0x0000000003075800 Uncommon trap: reason=unstable_if action=reinterpret pc=0x0000000003959f60 method=org.uqbar.project.wollok.parser.antlr.internal.InternalWollokDslLexer.mRULE_WS()V @ 40
Event: 1.622 Thread 0x0000000003075800 Uncommon trap: reason=array_check action=maybe_recompile pc=0x0000000003951b54 method=org.eclipse.emf.common.util.BasicEList.assign(ILjava/lang/Object;)Ljava/lang/Object; @ 6
Event: 1.622 Thread 0x0000000003075800 Uncommon trap: reason=array_check action=maybe_recompile pc=0x0000000003951b54 method=org.eclipse.emf.common.util.BasicEList.assign(ILjava/lang/Object;)Ljava/lang/Object; @ 6
Event: 1.622 Thread 0x0000000003075800 Uncommon trap: reason=unstable_if action=reinterpret pc=0x00000000038c3b38 method=org.antlr.runtime.DFA.predict(Lorg/antlr/runtime/IntStream;)I @ 208
Event: 1.665 Thread 0x0000000003075800 Uncommon trap: reason=unstable_if action=reinterpret pc=0x00000000038cc69c method=org.eclipse.emf.ecore.impl.MinimalEObjectImpl.eDeliver()Z @ 6
Event: 1.665 Thread 0x0000000003075800 Uncommon trap: reason=unstable_if action=reinterpret pc=0x00000000036ffc84 method=org.eclipse.emf.common.notify.impl.BasicNotifierImpl.eNotificationRequired()Z @ 11

Classes redefined (0 events):
No events

Internal exceptions (10 events):
Event: 1.672 Thread 0x0000000003075800 Exception <a 'java/lang/reflect/InvocationTargetException'> (0x00000000d75417a0) thrown at [C:\re\workspace\8-2-build-windows-amd64-cygwin\jdk8u171\10807\hotspot\src\share\vm\runtime\reflection.cpp, line 1092]
Event: 1.672 Thread 0x0000000003075800 Exception <a 'java/lang/reflect/InvocationTargetException'> (0x00000000d7547848) thrown at [C:\re\workspace\8-2-build-windows-amd64-cygwin\jdk8u171\10807\hotspot\src\share\vm\runtime\reflection.cpp, line 1092]
Event: 1.672 Thread 0x0000000003075800 Exception <a 'java/lang/reflect/InvocationTargetException'> (0x00000000d754d8c0) thrown at [C:\re\workspace\8-2-build-windows-amd64-cygwin\jdk8u171\10807\hotspot\src\share\vm\runtime\reflection.cpp, line 1092]
Event: 1.673 Thread 0x0000000003075800 Exception <a 'java/lang/reflect/InvocationTargetException'> (0x00000000d7553e00) thrown at [C:\re\workspace\8-2-build-windows-amd64-cygwin\jdk8u171\10807\hotspot\src\share\vm\runtime\reflection.cpp, line 1092]
Event: 1.673 Thread 0x0000000003075800 Exception <a 'java/lang/reflect/InvocationTargetException'> (0x00000000d7559d50) thrown at [C:\re\workspace\8-2-build-windows-amd64-cygwin\jdk8u171\10807\hotspot\src\share\vm\runtime\reflection.cpp, line 1092]
Event: 1.674 Thread 0x0000000003075800 Exception <a 'java/lang/reflect/InvocationTargetException'> (0x00000000d757c5c8) thrown at [C:\re\workspace\8-2-build-windows-amd64-cygwin\jdk8u171\10807\hotspot\src\share\vm\runtime\reflection.cpp, line 1092]
Event: 1.674 Thread 0x0000000003075800 Exception <a 'java/lang/reflect/InvocationTargetException'> (0x00000000d7582860) thrown at [C:\re\workspace\8-2-build-windows-amd64-cygwin\jdk8u171\10807\hotspot\src\share\vm\runtime\reflection.cpp, line 1092]
Event: 1.675 Thread 0x0000000003075800 Exception <a 'java/lang/reflect/InvocationTargetException'> (0x00000000d7588908) thrown at [C:\re\workspace\8-2-build-windows-amd64-cygwin\jdk8u171\10807\hotspot\src\share\vm\runtime\reflection.cpp, line 1092]
Event: 1.675 Thread 0x0000000003075800 Exception <a 'java/lang/reflect/InvocationTargetException'> (0x00000000d758e980) thrown at [C:\re\workspace\8-2-build-windows-amd64-cygwin\jdk8u171\10807\hotspot\src\share\vm\runtime\reflection.cpp, line 1092]
Event: 1.675 Thread 0x0000000003075800 Exception <a 'java/lang/reflect/InvocationTargetException'> (0x00000000d7597718) thrown at [C:\re\workspace\8-2-build-windows-amd64-cygwin\jdk8u171\10807\hotspot\src\share\vm\runtime\reflection.cpp, line 1092]

Events (10 events):
Event: 1.646 loading class org/eclipse/xtext/resource/impl/EObjectDescriptionLookUp$4
Event: 1.646 loading class org/eclipse/xtext/resource/impl/EObjectDescriptionLookUp$4 done
Event: 1.658 Executing VM operation: ForceSafepoint
Event: 1.658 Executing VM operation: ForceSafepoint done
Event: 1.665 Thread 0x0000000003075800 Uncommon trap: trap_request=0xffffff65 fr.pc=0x00000000038cc69c
Event: 1.665 Thread 0x0000000003075800 DEOPT PACKING pc=0x00000000038cc69c sp=0x000000000306ed70
Event: 1.665 Thread 0x0000000003075800 DEOPT UNPACKING pc=0x00000000031b583b sp=0x000000000306ed00 mode 2
Event: 1.665 Thread 0x0000000003075800 Uncommon trap: trap_request=0xffffff65 fr.pc=0x00000000036ffc84
Event: 1.665 Thread 0x0000000003075800 DEOPT PACKING pc=0x00000000036ffc84 sp=0x000000000306ed90
Event: 1.665 Thread 0x0000000003075800 DEOPT UNPACKING pc=0x00000000031b583b sp=0x000000000306ed28 mode 2


Dynamic libraries:
0x00007ff739750000 - 0x00007ff739787000 	C:\Program Files\Java\jre1.8.0_171\bin\javaw.exe
0x00007ffaece40000 - 0x00007ffaed021000 	C:\WINDOWS\SYSTEM32\ntdll.dll
0x00007ffaea450000 - 0x00007ffaea502000 	C:\WINDOWS\System32\KERNEL32.DLL
0x00007ffae9540000 - 0x00007ffae97b3000 	C:\WINDOWS\System32\KERNELBASE.dll
0x00007ffaeb890000 - 0x00007ffaeb931000 	C:\WINDOWS\System32\ADVAPI32.dll
0x00007ffaea6e0000 - 0x00007ffaea77e000 	C:\WINDOWS\System32\msvcrt.dll
0x00007ffaea5b0000 - 0x00007ffaea60b000 	C:\WINDOWS\System32\sechost.dll
0x00007ffaea780000 - 0x00007ffaea8a4000 	C:\WINDOWS\System32\RPCRT4.dll
0x00007ffaeb2b0000 - 0x00007ffaeb440000 	C:\WINDOWS\System32\USER32.dll
0x00007ffae99b0000 - 0x00007ffae99d0000 	C:\WINDOWS\System32\win32u.dll
0x00007ffaeb220000 - 0x00007ffaeb248000 	C:\WINDOWS\System32\GDI32.dll
0x00007ffae9210000 - 0x00007ffae93a2000 	C:\WINDOWS\System32\gdi32full.dll
0x00007ffae9910000 - 0x00007ffae99af000 	C:\WINDOWS\System32\msvcp_win.dll
0x00007ffae97c0000 - 0x00007ffae98ba000 	C:\WINDOWS\System32\ucrtbase.dll
0x00007ffad8a60000 - 0x00007ffad8cc9000 	C:\WINDOWS\WinSxS\amd64_microsoft.windows.common-controls_6595b64144ccf1df_6.0.17134.286_none_fb43982d306480cc\COMCTL32.dll
0x00007ffaeac60000 - 0x00007ffaeaf83000 	C:\WINDOWS\System32\combase.dll
0x00007ffae93b0000 - 0x00007ffae942a000 	C:\WINDOWS\System32\bcryptPrimitives.dll
0x00007ffaeab40000 - 0x00007ffaeab6d000 	C:\WINDOWS\System32\IMM32.DLL
0x0000000072fd0000 - 0x00000000730a2000 	C:\Program Files\Java\jre1.8.0_171\bin\msvcr100.dll
0x00000000730b0000 - 0x0000000073950000 	C:\Program Files\Java\jre1.8.0_171\bin\server\jvm.dll
0x00007ffaeab70000 - 0x00007ffaeab78000 	C:\WINDOWS\System32\PSAPI.DLL
0x00007ffae7120000 - 0x00007ffae7143000 	C:\WINDOWS\SYSTEM32\WINMM.dll
0x00007ffae7d90000 - 0x00007ffae7d99000 	C:\WINDOWS\SYSTEM32\WSOCK32.dll
0x00007ffaeabe0000 - 0x00007ffaeac4c000 	C:\WINDOWS\System32\WS2_32.dll
0x00007ffae7fc0000 - 0x00007ffae7fca000 	C:\WINDOWS\SYSTEM32\VERSION.dll
0x00007ffae70f0000 - 0x00007ffae711a000 	C:\WINDOWS\SYSTEM32\WINMMBASE.dll
0x00007ffae98c0000 - 0x00007ffae9909000 	C:\WINDOWS\System32\cfgmgr32.dll
0x0000000073c60000 - 0x0000000073c6f000 	C:\Program Files\Java\jre1.8.0_171\bin\verify.dll
0x0000000073c30000 - 0x0000000073c59000 	C:\Program Files\Java\jre1.8.0_171\bin\java.dll
0x0000000073c10000 - 0x0000000073c26000 	C:\Program Files\Java\jre1.8.0_171\bin\zip.dll
0x00007ffaeb9a0000 - 0x00007ffaecde0000 	C:\WINDOWS\System32\SHELL32.dll
0x00007ffaeaa90000 - 0x00007ffaeab39000 	C:\WINDOWS\System32\shcore.dll
0x00007ffae9bc0000 - 0x00007ffaea2cd000 	C:\WINDOWS\System32\windows.storage.dll
0x00007ffaeab80000 - 0x00007ffaeabd1000 	C:\WINDOWS\System32\shlwapi.dll
0x00007ffae91f0000 - 0x00007ffae9201000 	C:\WINDOWS\System32\kernel.appcore.dll
0x00007ffae91b0000 - 0x00007ffae91cf000 	C:\WINDOWS\System32\profapi.dll
0x00007ffae9150000 - 0x00007ffae919c000 	C:\WINDOWS\System32\powrprof.dll
0x00007ffae91a0000 - 0x00007ffae91aa000 	C:\WINDOWS\System32\FLTLIB.DLL

VM Arguments:
jvm_args: -Duser.language=en_US -Dfile.encoding=UTF-8 
java_command: org.uqbar.project.wollok.launch.WollokLauncher -requestsPort 0 -eventsPort 0 -testPort 58117 -t -folder -wf src/LyHAvanzada.wtest
java_class_path (initial): C:\Users\Fede\Desktop\Tp Objetos\Tp-objetos2018\bin;C:\Program Files (x86)\wollok\plugins\com.ibm.icu_56.1.0.v201601250100.jar;C:\Program Files (x86)\wollok\plugins\org.eclipse.xtext_2.11.0.v20170130-0808.jar;C:\Program Files (x86)\wollok\plugins\org.eclipse.emf.ecore.xmi_2.12.0.v20160420-0247.jar;C:\Program Files (x86)\wollok\plugins\org.eclipse.emf.ecore_2.12.0.v20160420-0247.jar;C:\Program Files (x86)\wollok\plugins\org.eclipse.emf.common_2.12.0.v20160420-0247.jar;C:\Program Files (x86)\wollok\plugins\org.antlr.runtime_3.2.0.v201101311130.jar;C:\Program Files (x86)\wollok\plugins\com.google.inject_3.0.0.v201605172100.jar;C:\Program Files (x86)\wollok\plugins\org.eclipse.emf.mwe.core_1.3.20.v201605261103.jar;C:\Program Files (x86)\wollok\plugins\org.apache.commons.cli_1.2.0.v201404270220.jar;C:\Program Files (x86)\wollok\plugins\org.eclipse.emf.mwe2.runtime_2.9.0.v201605261103.jar;C:\Program Files (x86)\wollok\plugins\org.eclipse.emf.mwe.utils_1.3.20.v201605261103.jar;C:\Program Files (x86)\wollok\plugins\org.eclipse.xtext.util_2.11.0.v20170130-0808.jar;C:\Program Files (x86)\wollok\plugins\com.google.guava_15.0.0.v201403281430.jar;C:\Program Files (x86)\wollok\plugins\javax.inject_1.0.0.v20091030.jar;C:\Program Files (x86)\wollok\plugins\org.eclipse.xtext.generator_2.11.0.v20170131-1210.jar;C:\Program Files (x86)\wollok\plugins\org.eclipse.xtext.xtext.generator_2.11.0.v20170130-0808.jar;C:\Program Files (x86)\wollok\plugins\org.eclipse.xtext.xbase.lib_2.11.0.v20170124-1424.jar;C:\Program Files (x86)\wollok\plugins\org.eclipse.emf.codegen.ecore_2.12.0.v20160526-0356.jar;C:\Program Files (x86)\wollok\plugins\org.eclipse.emf.codegen_2.11.0.v20160526-0356.jar;C:\Program Files (x86)\wollok\plugins\org.eclipse.xtend_2.2.0.v201605260315.jar;C:\Program Files (x86)\wollok\plugins\org.eclipse.xpand_2.2.0.v201605260315.jar;C:\Program Files (x86)\wollok\plugins\org.eclipse.xtend.typesystem.emf_2.2.0.v201605260315.jar;C:\Program Files (x86)\wollok
Launcher Type: SUN_STANDARD

Environment Variables:
PATH=C:/Program Files/Java/jre1.8.0_171/bin/server;C:/Program Files/Java/jre1.8.0_171/bin;C:/Program Files/Java/jre1.8.0_171/lib/amd64;C:\Program Files (x86)\Common Files\Oracle\Java\javapath;C:\ProgramData\Oracle\Java\javapath;C:\Program Files\Haskell\bin;C:\Program Files\Haskell Platform\8.0.2\lib\extralibs\bin;C:\Program Files\Haskell Platform\8.0.2\bin;C:\Program Files (x86)\Intel\iCLS Client\;C:\Program Files\Intel\iCLS Client\;C:\WINDOWS\system32;C:\WINDOWS;C:\WINDOWS\System32\Wbem;C:\WINDOWS\System32\WindowsPowerShell\v1.0\;C:\Program Files (x86)\Intel\Intel(R) Management Engine Components\DAL;C:\Program Files\Intel\Intel(R) Management Engine Components\DAL;C:\Program Files (x86)\Intel\Intel(R) Management Engine Components\IPT;C:\Program Files\Intel\Intel(R) Management Engine Components\IPT;C:\Program Files (x86)\Skype\Phone\;C:\Program Files\Haskell Platform\8.0.2\mingw\bin;C:\Program Files (x86)\NVIDIA Corporation\PhysX\Common;C:\WINDOWS\system32;C:\WINDOWS;C:\WINDOWS\System32\Wbem;C:\WINDOWS\System32\WindowsPowerShell\v1.0\;C:\WINDOWS\System32\OpenSSH\;C:\Users\Fede\AppData\Roaming\cabal\bin;C:\Users\Fede\AppData\Roaming\local\bin;C:\Users\Fede\AppData\Local\Microsoft\WindowsApps;C:\Users\Fede\AppData\Local\atom\bin;%USERPROFILE%\AppData\Local\Microsoft\WindowsApps;;C:\Program Files (x86)\wollok;
USERNAME=Fede
OS=Windows_NT
PROCESSOR_IDENTIFIER=Intel64 Family 6 Model 158 Stepping 9, GenuineIntel



---------------  S Y S T E M  ---------------

OS: Windows 10.0 , 64 bit Build 17134 (10.0.17134.1)

CPU:total 4 (initial active 4) (4 cores per cpu, 1 threads per core) family 6 model 158 stepping 9, cmov, cx8, fxsr, mmx, sse, sse2, sse3, ssse3, sse4.1, sse4.2, popcnt, avx, avx2, aes, clmul, erms, rtm, 3dnowpref, lzcnt, tsc, tscinvbit, bmi1, bmi2, adx

Memory: 4k page, physical 8255644k(1239968k free), swap 33421468k(4740k free)

vm_info: Java HotSpot(TM) 64-Bit Server VM (25.171-b11) for windows-amd64 JRE (1.8.0_171-b11), built on Mar 28 2018 16:06:12 by "java_re" with MS VC++ 10.0 (VS2010)

time: Mon Oct 08 12:36:07 2018
elapsed time: 1 seconds (0d 0h 0m 1s)

